{"C:\\Users\\ArthurHolanda\\sweetlyapi\\src\\index.js": {"path":"C:\\Users\\ArthurHolanda\\sweetlyapi\\src\\index.js","statementMap":{"0":{"start":{"line":2,"column":16},"end":{"line":2,"column":34}},"1":{"start":{"line":3,"column":15},"end":{"line":3,"column":32}},"2":{"start":{"line":4,"column":15},"end":{"line":4,"column":43}},"3":{"start":{"line":5,"column":19},"end":{"line":5,"column":49}},"4":{"start":{"line":6,"column":20},"end":{"line":6,"column":51}},"5":{"start":{"line":7,"column":18},"end":{"line":7,"column":46}},"6":{"start":{"line":10,"column":0},"end":{"line":10,"column":16}},"7":{"start":{"line":12,"column":12},"end":{"line":12,"column":21}},"8":{"start":{"line":13,"column":13},"end":{"line":13,"column":37}},"9":{"start":{"line":16,"column":0},"end":{"line":16,"column":24}},"10":{"start":{"line":17,"column":0},"end":{"line":17,"column":48}},"11":{"start":{"line":20,"column":0},"end":{"line":20,"column":21}},"12":{"start":{"line":21,"column":0},"end":{"line":21,"column":25}},"13":{"start":{"line":22,"column":0},"end":{"line":22,"column":32}},"14":{"start":{"line":25,"column":0},"end":{"line":30,"column":3}},"15":{"start":{"line":26,"column":2},"end":{"line":26,"column":49}},"16":{"start":{"line":27,"column":2},"end":{"line":29,"column":5}},"17":{"start":{"line":28,"column":4},"end":{"line":28,"column":64}},"18":{"start":{"line":32,"column":0},"end":{"line":32,"column":21}}},"fnMap":{"0":{"name":"(anonymous_0)","decl":{"start":{"line":25,"column":37},"end":{"line":25,"column":38}},"loc":{"start":{"line":25,"column":43},"end":{"line":30,"column":1}},"line":25},"1":{"name":"(anonymous_1)","decl":{"start":{"line":27,"column":19},"end":{"line":27,"column":20}},"loc":{"start":{"line":27,"column":25},"end":{"line":29,"column":3}},"line":27}},"branchMap":{"0":{"loc":{"start":{"line":13,"column":13},"end":{"line":13,"column":37}},"type":"binary-expr","locations":[{"start":{"line":13,"column":13},"end":{"line":13,"column":29}},{"start":{"line":13,"column":33},"end":{"line":13,"column":37}}],"line":13}},"s":{"0":1,"1":1,"2":1,"3":1,"4":1,"5":1,"6":1,"7":1,"8":1,"9":1,"10":1,"11":1,"12":1,"13":1,"14":1,"15":0,"16":0,"17":0,"18":1},"f":{"0":0,"1":0},"b":{"0":[1,0]},"_coverageSchema":"1a1c01bbd47fc00a2c39e90264f33305004495a9","hash":"a402ffa64bbc9fdd3e50f19244495636e50a9f89"}
,"C:\\Users\\ArthurHolanda\\sweetlyapi\\src\\config\\database.js": {"path":"C:\\Users\\ArthurHolanda\\sweetlyapi\\src\\config\\database.js","statementMap":{"0":{"start":{"line":2,"column":22},"end":{"line":2,"column":42}},"1":{"start":{"line":3,"column":13},"end":{"line":3,"column":28}},"2":{"start":{"line":5,"column":18},"end":{"line":9,"column":2}},"3":{"start":{"line":11,"column":0},"end":{"line":11,"column":27}}},"fnMap":{},"branchMap":{},"s":{"0":1,"1":1,"2":1,"3":1},"f":{},"b":{},"_coverageSchema":"1a1c01bbd47fc00a2c39e90264f33305004495a9","hash":"503e785dca29197822d22d53bea9f05ea9d76c06"}
,"C:\\Users\\ArthurHolanda\\sweetlyapi\\src\\controllers\\orderController.js": {"path":"C:\\Users\\ArthurHolanda\\sweetlyapi\\src\\controllers\\orderController.js","statementMap":{"0":{"start":{"line":2,"column":14},"end":{"line":2,"column":40}},"1":{"start":{"line":3,"column":39},"end":{"line":3,"column":69}},"2":{"start":{"line":6,"column":0},"end":{"line":56,"column":2}},"3":{"start":{"line":7,"column":2},"end":{"line":55,"column":3}},"4":{"start":{"line":8,"column":48},"end":{"line":8,"column":56}},"5":{"start":{"line":10,"column":21},"end":{"line":10,"column":64}},"6":{"start":{"line":11,"column":28},"end":{"line":11,"column":77}},"7":{"start":{"line":12,"column":26},"end":{"line":12,"column":42}},"8":{"start":{"line":13,"column":24},"end":{"line":13,"column":38}},"9":{"start":{"line":16,"column":4},"end":{"line":20,"column":5}},"10":{"start":{"line":17,"column":6},"end":{"line":19,"column":61}},"11":{"start":{"line":22,"column":4},"end":{"line":26,"column":5}},"12":{"start":{"line":23,"column":6},"end":{"line":25,"column":68}},"13":{"start":{"line":28,"column":4},"end":{"line":30,"column":5}},"14":{"start":{"line":29,"column":6},"end":{"line":29,"column":65}},"15":{"start":{"line":33,"column":17},"end":{"line":33,"column":48}},"16":{"start":{"line":34,"column":4},"end":{"line":36,"column":5}},"17":{"start":{"line":35,"column":6},"end":{"line":35,"column":71}},"18":{"start":{"line":39,"column":18},"end":{"line":44,"column":6}},"19":{"start":{"line":46,"column":4},"end":{"line":52,"column":7}},"20":{"start":{"line":54,"column":4},"end":{"line":54,"column":67}},"21":{"start":{"line":59,"column":0},"end":{"line":74,"column":2}},"22":{"start":{"line":60,"column":2},"end":{"line":73,"column":3}},"23":{"start":{"line":61,"column":19},"end":{"line":69,"column":6}},"24":{"start":{"line":70,"column":4},"end":{"line":70,"column":28}},"25":{"start":{"line":72,"column":4},"end":{"line":72,"column":69}},"26":{"start":{"line":77,"column":0},"end":{"line":104,"column":2}},"27":{"start":{"line":78,"column":21},"end":{"line":78,"column":31}},"28":{"start":{"line":79,"column":22},"end":{"line":79,"column":36}},"29":{"start":{"line":81,"column":2},"end":{"line":83,"column":3}},"30":{"start":{"line":82,"column":4},"end":{"line":82,"column":63}},"31":{"start":{"line":85,"column":2},"end":{"line":103,"column":3}},"32":{"start":{"line":86,"column":17},"end":{"line":86,"column":48}},"33":{"start":{"line":87,"column":4},"end":{"line":89,"column":5}},"34":{"start":{"line":88,"column":6},"end":{"line":88,"column":71}},"35":{"start":{"line":91,"column":19},"end":{"line":94,"column":6}},"36":{"start":{"line":97,"column":4},"end":{"line":100,"column":7}},"37":{"start":{"line":102,"column":4},"end":{"line":102,"column":80}},"38":{"start":{"line":107,"column":0},"end":{"line":139,"column":2}},"39":{"start":{"line":108,"column":24},"end":{"line":108,"column":34}},"40":{"start":{"line":109,"column":32},"end":{"line":109,"column":42}},"41":{"start":{"line":110,"column":4},"end":{"line":138,"column":5}},"42":{"start":{"line":112,"column":22},"end":{"line":112,"column":51}},"43":{"start":{"line":114,"column":8},"end":{"line":116,"column":9}},"44":{"start":{"line":115,"column":12},"end":{"line":115,"column":77}},"45":{"start":{"line":119,"column":8},"end":{"line":121,"column":9}},"46":{"start":{"line":120,"column":12},"end":{"line":120,"column":93}},"47":{"start":{"line":123,"column":29},"end":{"line":127,"column":10}},"48":{"start":{"line":130,"column":8},"end":{"line":133,"column":11}},"49":{"start":{"line":136,"column":8},"end":{"line":136,"column":67}},"50":{"start":{"line":137,"column":8},"end":{"line":137,"column":89}}},"fnMap":{"0":{"name":"(anonymous_0)","decl":{"start":{"line":6,"column":22},"end":{"line":6,"column":23}},"loc":{"start":{"line":6,"column":42},"end":{"line":56,"column":1}},"line":6},"1":{"name":"(anonymous_1)","decl":{"start":{"line":59,"column":20},"end":{"line":59,"column":21}},"loc":{"start":{"line":59,"column":40},"end":{"line":74,"column":1}},"line":59},"2":{"name":"(anonymous_2)","decl":{"start":{"line":77,"column":26},"end":{"line":77,"column":27}},"loc":{"start":{"line":77,"column":46},"end":{"line":104,"column":1}},"line":77},"3":{"name":"(anonymous_3)","decl":{"start":{"line":107,"column":22},"end":{"line":107,"column":23}},"loc":{"start":{"line":107,"column":42},"end":{"line":139,"column":1}},"line":107}},"branchMap":{"0":{"loc":{"start":{"line":10,"column":21},"end":{"line":10,"column":64}},"type":"cond-expr","locations":[{"start":{"line":10,"column":48},"end":{"line":10,"column":59}},{"start":{"line":10,"column":62},"end":{"line":10,"column":64}}],"line":10},"1":{"loc":{"start":{"line":11,"column":28},"end":{"line":11,"column":77}},"type":"cond-expr","locations":[{"start":{"line":11,"column":58},"end":{"line":11,"column":72}},{"start":{"line":11,"column":75},"end":{"line":11,"column":77}}],"line":11},"2":{"loc":{"start":{"line":16,"column":4},"end":{"line":20,"column":5}},"type":"if","locations":[{"start":{"line":16,"column":4},"end":{"line":20,"column":5}},{"start":{},"end":{}}],"line":16},"3":{"loc":{"start":{"line":16,"column":8},"end":{"line":16,"column":37}},"type":"binary-expr","locations":[{"start":{"line":16,"column":8},"end":{"line":16,"column":17}},{"start":{"line":16,"column":21},"end":{"line":16,"column":37}}],"line":16},"4":{"loc":{"start":{"line":22,"column":4},"end":{"line":26,"column":5}},"type":"if","locations":[{"start":{"line":22,"column":4},"end":{"line":26,"column":5}},{"start":{},"end":{}}],"line":22},"5":{"loc":{"start":{"line":22,"column":8},"end":{"line":22,"column":62}},"type":"binary-expr","locations":[{"start":{"line":22,"column":8},"end":{"line":22,"column":40}},{"start":{"line":22,"column":44},"end":{"line":22,"column":62}}],"line":22},"6":{"loc":{"start":{"line":28,"column":4},"end":{"line":30,"column":5}},"type":"if","locations":[{"start":{"line":28,"column":4},"end":{"line":30,"column":5}},{"start":{},"end":{}}],"line":28},"7":{"loc":{"start":{"line":28,"column":8},"end":{"line":28,"column":58}},"type":"binary-expr","locations":[{"start":{"line":28,"column":8},"end":{"line":28,"column":38}},{"start":{"line":28,"column":42},"end":{"line":28,"column":58}}],"line":28},"8":{"loc":{"start":{"line":34,"column":4},"end":{"line":36,"column":5}},"type":"if","locations":[{"start":{"line":34,"column":4},"end":{"line":36,"column":5}},{"start":{},"end":{}}],"line":34},"9":{"loc":{"start":{"line":81,"column":2},"end":{"line":83,"column":3}},"type":"if","locations":[{"start":{"line":81,"column":2},"end":{"line":83,"column":3}},{"start":{},"end":{}}],"line":81},"10":{"loc":{"start":{"line":81,"column":6},"end":{"line":81,"column":56}},"type":"binary-expr","locations":[{"start":{"line":81,"column":6},"end":{"line":81,"column":36}},{"start":{"line":81,"column":40},"end":{"line":81,"column":56}}],"line":81},"11":{"loc":{"start":{"line":87,"column":4},"end":{"line":89,"column":5}},"type":"if","locations":[{"start":{"line":87,"column":4},"end":{"line":89,"column":5}},{"start":{},"end":{}}],"line":87},"12":{"loc":{"start":{"line":114,"column":8},"end":{"line":116,"column":9}},"type":"if","locations":[{"start":{"line":114,"column":8},"end":{"line":116,"column":9}},{"start":{},"end":{}}],"line":114},"13":{"loc":{"start":{"line":119,"column":8},"end":{"line":121,"column":9}},"type":"if","locations":[{"start":{"line":119,"column":8},"end":{"line":121,"column":9}},{"start":{},"end":{}}],"line":119}},"s":{"0":1,"1":1,"2":1,"3":0,"4":0,"5":0,"6":0,"7":0,"8":0,"9":0,"10":0,"11":0,"12":0,"13":0,"14":0,"15":0,"16":0,"17":0,"18":0,"19":0,"20":0,"21":1,"22":1,"23":1,"24":0,"25":1,"26":1,"27":0,"28":0,"29":0,"30":0,"31":0,"32":0,"33":0,"34":0,"35":0,"36":0,"37":0,"38":1,"39":0,"40":0,"41":0,"42":0,"43":0,"44":0,"45":0,"46":0,"47":0,"48":0,"49":0,"50":0},"f":{"0":0,"1":1,"2":0,"3":0},"b":{"0":[0,0],"1":[0,0],"2":[0,0],"3":[0,0],"4":[0,0],"5":[0,0],"6":[0,0],"7":[0,0],"8":[0,0],"9":[0,0],"10":[0,0],"11":[0,0],"12":[0,0],"13":[0,0]},"_coverageSchema":"1a1c01bbd47fc00a2c39e90264f33305004495a9","hash":"926474f836124edb5b98c9ea794242b853282801"}
,"C:\\Users\\ArthurHolanda\\sweetlyapi\\src\\controllers\\userController.js": {"path":"C:\\Users\\ArthurHolanda\\sweetlyapi\\src\\controllers\\userController.js","statementMap":{"0":{"start":{"line":7,"column":4},"end":{"line":7,"column":34}},"1":{"start":{"line":10,"column":0},"end":{"line":35,"column":2}},"2":{"start":{"line":11,"column":36},"end":{"line":11,"column":44}},"3":{"start":{"line":14,"column":2},"end":{"line":18,"column":3}},"4":{"start":{"line":15,"column":4},"end":{"line":17,"column":59}},"5":{"start":{"line":20,"column":2},"end":{"line":34,"column":3}},"6":{"start":{"line":22,"column":19},"end":{"line":22,"column":62}},"7":{"start":{"line":24,"column":4},"end":{"line":26,"column":5}},"8":{"start":{"line":25,"column":6},"end":{"line":25,"column":59}},"9":{"start":{"line":28,"column":4},"end":{"line":31,"column":7}},"10":{"start":{"line":33,"column":4},"end":{"line":33,"column":68}},"11":{"start":{"line":38,"column":0},"end":{"line":71,"column":2}},"12":{"start":{"line":39,"column":30},"end":{"line":39,"column":38}},"13":{"start":{"line":42,"column":2},"end":{"line":46,"column":3}},"14":{"start":{"line":43,"column":4},"end":{"line":45,"column":57}},"15":{"start":{"line":48,"column":2},"end":{"line":70,"column":3}},"16":{"start":{"line":50,"column":17},"end":{"line":50,"column":45}},"17":{"start":{"line":52,"column":4},"end":{"line":54,"column":5}},"18":{"start":{"line":53,"column":6},"end":{"line":53,"column":74}},"19":{"start":{"line":57,"column":20},"end":{"line":57,"column":82}},"20":{"start":{"line":59,"column":4},"end":{"line":61,"column":5}},"21":{"start":{"line":60,"column":6},"end":{"line":60,"column":74}},"22":{"start":{"line":64,"column":4},"end":{"line":67,"column":7}},"23":{"start":{"line":69,"column":4},"end":{"line":69,"column":69}}},"fnMap":{"0":{"name":"(anonymous_0)","decl":{"start":{"line":10,"column":23},"end":{"line":10,"column":24}},"loc":{"start":{"line":10,"column":43},"end":{"line":35,"column":1}},"line":10},"1":{"name":"(anonymous_1)","decl":{"start":{"line":38,"column":20},"end":{"line":38,"column":21}},"loc":{"start":{"line":38,"column":40},"end":{"line":71,"column":1}},"line":38}},"branchMap":{"0":{"loc":{"start":{"line":14,"column":2},"end":{"line":18,"column":3}},"type":"if","locations":[{"start":{"line":14,"column":2},"end":{"line":18,"column":3}},{"start":{},"end":{}}],"line":14},"1":{"loc":{"start":{"line":14,"column":6},"end":{"line":14,"column":34}},"type":"binary-expr","locations":[{"start":{"line":14,"column":6},"end":{"line":14,"column":11}},{"start":{"line":14,"column":15},"end":{"line":14,"column":21}},{"start":{"line":14,"column":25},"end":{"line":14,"column":34}}],"line":14},"2":{"loc":{"start":{"line":24,"column":4},"end":{"line":26,"column":5}},"type":"if","locations":[{"start":{"line":24,"column":4},"end":{"line":26,"column":5}},{"start":{},"end":{}}],"line":24},"3":{"loc":{"start":{"line":42,"column":2},"end":{"line":46,"column":3}},"type":"if","locations":[{"start":{"line":42,"column":2},"end":{"line":46,"column":3}},{"start":{},"end":{}}],"line":42},"4":{"loc":{"start":{"line":42,"column":6},"end":{"line":42,"column":25}},"type":"binary-expr","locations":[{"start":{"line":42,"column":6},"end":{"line":42,"column":12}},{"start":{"line":42,"column":16},"end":{"line":42,"column":25}}],"line":42},"5":{"loc":{"start":{"line":52,"column":4},"end":{"line":54,"column":5}},"type":"if","locations":[{"start":{"line":52,"column":4},"end":{"line":54,"column":5}},{"start":{},"end":{}}],"line":52},"6":{"loc":{"start":{"line":59,"column":4},"end":{"line":61,"column":5}},"type":"if","locations":[{"start":{"line":59,"column":4},"end":{"line":61,"column":5}},{"start":{},"end":{}}],"line":59}},"s":{"0":1,"1":1,"2":0,"3":0,"4":0,"5":0,"6":0,"7":0,"8":0,"9":0,"10":0,"11":1,"12":0,"13":0,"14":0,"15":0,"16":0,"17":0,"18":0,"19":0,"20":0,"21":0,"22":0,"23":0},"f":{"0":0,"1":0},"b":{"0":[0,0],"1":[0,0,0],"2":[0,0],"3":[0,0],"4":[0,0],"5":[0,0],"6":[0,0]},"_coverageSchema":"1a1c01bbd47fc00a2c39e90264f33305004495a9","hash":"5b23bb6416747ab9d892cff0654f1f8699d814a6"}
,"C:\\Users\\ArthurHolanda\\sweetlyapi\\src\\models\\order.js": {"path":"C:\\Users\\ArthurHolanda\\sweetlyapi\\src\\models\\order.js","statementMap":{"0":{"start":{"line":2,"column":22},"end":{"line":2,"column":42}},"1":{"start":{"line":3,"column":18},"end":{"line":3,"column":47}},"2":{"start":{"line":4,"column":13},"end":{"line":4,"column":30}},"3":{"start":{"line":7,"column":14},"end":{"line":30,"column":2}},"4":{"start":{"line":33,"column":0},"end":{"line":33,"column":60}},"5":{"start":{"line":34,"column":0},"end":{"line":34,"column":60}},"6":{"start":{"line":36,"column":0},"end":{"line":36,"column":23}}},"fnMap":{},"branchMap":{},"s":{"0":1,"1":1,"2":1,"3":1,"4":1,"5":1,"6":1},"f":{},"b":{},"_coverageSchema":"1a1c01bbd47fc00a2c39e90264f33305004495a9","hash":"e326e74a0d438a0876bad2dc90e14e90b30d16cc"}
,"C:\\Users\\ArthurHolanda\\sweetlyapi\\src\\models\\user.js": {"path":"C:\\Users\\ArthurHolanda\\sweetlyapi\\src\\models\\user.js","statementMap":{"0":{"start":{"line":2,"column":22},"end":{"line":2,"column":42}},"1":{"start":{"line":3,"column":18},"end":{"line":3,"column":47}},"2":{"start":{"line":5,"column":13},"end":{"line":35,"column":1}},"3":{"start":{"line":37,"column":0},"end":{"line":37,"column":22}}},"fnMap":{},"branchMap":{},"s":{"0":1,"1":1,"2":1,"3":1},"f":{},"b":{},"_coverageSchema":"1a1c01bbd47fc00a2c39e90264f33305004495a9","hash":"468260f0bde71710fdcb292b060a18b31686c8ad"}
,"C:\\Users\\ArthurHolanda\\sweetlyapi\\src\\models\\userModel.js": {"path":"C:\\Users\\ArthurHolanda\\sweetlyapi\\src\\models\\userModel.js","statementMap":{"0":{"start":{"line":2,"column":15},"end":{"line":2,"column":32}},"1":{"start":{"line":3,"column":13},"end":{"line":3,"column":30}},"2":{"start":{"line":5,"column":26},"end":{"line":5,"column":32}},"3":{"start":{"line":6,"column":19},"end":{"line":6,"column":21}},"4":{"start":{"line":7,"column":15},"end":{"line":7,"column":23}},"5":{"start":{"line":8,"column":30},"end":{"line":8,"column":80}},"6":{"start":{"line":11,"column":21},"end":{"line":18,"column":1}},"7":{"start":{"line":12,"column":15},"end":{"line":12,"column":53}},"8":{"start":{"line":13,"column":15},"end":{"line":15,"column":20}},"9":{"start":{"line":17,"column":2},"end":{"line":17,"column":24}},"10":{"start":{"line":21,"column":23},"end":{"line":34,"column":1}},"11":{"start":{"line":22,"column":20},"end":{"line":24,"column":20}},"12":{"start":{"line":26,"column":26},"end":{"line":26,"column":55}},"13":{"start":{"line":27,"column":21},"end":{"line":27,"column":51}},"14":{"start":{"line":29,"column":2},"end":{"line":31,"column":3}},"15":{"start":{"line":30,"column":4},"end":{"line":30,"column":17}},"16":{"start":{"line":33,"column":2},"end":{"line":33,"column":61}},"17":{"start":{"line":37,"column":21},"end":{"line":42,"column":1}},"18":{"start":{"line":38,"column":15},"end":{"line":38,"column":36}},"19":{"start":{"line":39,"column":2},"end":{"line":39,"column":27}},"20":{"start":{"line":40,"column":2},"end":{"line":40,"column":27}},"21":{"start":{"line":41,"column":2},"end":{"line":41,"column":14}},"22":{"start":{"line":45,"column":22},"end":{"line":54,"column":1}},"23":{"start":{"line":46,"column":2},"end":{"line":48,"column":3}},"24":{"start":{"line":47,"column":4},"end":{"line":47,"column":16}},"25":{"start":{"line":49,"column":16},"end":{"line":49,"column":32}},"26":{"start":{"line":50,"column":2},"end":{"line":52,"column":3}},"27":{"start":{"line":51,"column":4},"end":{"line":51,"column":16}},"28":{"start":{"line":53,"column":2},"end":{"line":53,"column":32}},"29":{"start":{"line":57,"column":23},"end":{"line":57,"column":95}},"30":{"start":{"line":57,"column":35},"end":{"line":57,"column":94}},"31":{"start":{"line":60,"column":19},"end":{"line":82,"column":1}},"32":{"start":{"line":61,"column":26},"end":{"line":61,"column":47}},"33":{"start":{"line":62,"column":17},"end":{"line":62,"column":47}},"34":{"start":{"line":64,"column":2},"end":{"line":66,"column":3}},"35":{"start":{"line":65,"column":4},"end":{"line":65,"column":55}},"36":{"start":{"line":68,"column":19},"end":{"line":68,"column":76}},"37":{"start":{"line":69,"column":2},"end":{"line":71,"column":3}},"38":{"start":{"line":70,"column":4},"end":{"line":70,"column":42}},"39":{"start":{"line":73,"column":25},"end":{"line":73,"column":47}},"40":{"start":{"line":74,"column":18},"end":{"line":79,"column":4}},"41":{"start":{"line":81,"column":2},"end":{"line":81,"column":41}},"42":{"start":{"line":85,"column":17},"end":{"line":88,"column":1}},"43":{"start":{"line":86,"column":16},"end":{"line":86,"column":36}},"44":{"start":{"line":87,"column":2},"end":{"line":87,"column":33}},"45":{"start":{"line":91,"column":24},"end":{"line":94,"column":1}},"46":{"start":{"line":92,"column":26},"end":{"line":92,"column":47}},"47":{"start":{"line":93,"column":2},"end":{"line":93,"column":61}},"48":{"start":{"line":97,"column":21},"end":{"line":97,"column":46}},"49":{"start":{"line":97,"column":29},"end":{"line":97,"column":46}},"50":{"start":{"line":99,"column":0},"end":{"line":106,"column":2}}},"fnMap":{"0":{"name":"(anonymous_0)","decl":{"start":{"line":11,"column":21},"end":{"line":11,"column":22}},"loc":{"start":{"line":11,"column":35},"end":{"line":18,"column":1}},"line":11},"1":{"name":"(anonymous_1)","decl":{"start":{"line":21,"column":23},"end":{"line":21,"column":24}},"loc":{"start":{"line":21,"column":55},"end":{"line":34,"column":1}},"line":21},"2":{"name":"(anonymous_2)","decl":{"start":{"line":37,"column":21},"end":{"line":37,"column":22}},"loc":{"start":{"line":37,"column":39},"end":{"line":42,"column":1}},"line":37},"3":{"name":"(anonymous_3)","decl":{"start":{"line":45,"column":22},"end":{"line":45,"column":23}},"loc":{"start":{"line":45,"column":33},"end":{"line":54,"column":1}},"line":45},"4":{"name":"(anonymous_4)","decl":{"start":{"line":57,"column":23},"end":{"line":57,"column":24}},"loc":{"start":{"line":57,"column":35},"end":{"line":57,"column":94}},"line":57},"5":{"name":"(anonymous_5)","decl":{"start":{"line":60,"column":19},"end":{"line":60,"column":20}},"loc":{"start":{"line":60,"column":56},"end":{"line":82,"column":1}},"line":60},"6":{"name":"(anonymous_6)","decl":{"start":{"line":85,"column":17},"end":{"line":85,"column":18}},"loc":{"start":{"line":85,"column":29},"end":{"line":88,"column":1}},"line":85},"7":{"name":"(anonymous_7)","decl":{"start":{"line":91,"column":24},"end":{"line":91,"column":25}},"loc":{"start":{"line":91,"column":35},"end":{"line":94,"column":1}},"line":91},"8":{"name":"(anonymous_8)","decl":{"start":{"line":97,"column":21},"end":{"line":97,"column":22}},"loc":{"start":{"line":97,"column":29},"end":{"line":97,"column":46}},"line":97}},"branchMap":{"0":{"loc":{"start":{"line":29,"column":2},"end":{"line":31,"column":3}},"type":"if","locations":[{"start":{"line":29,"column":2},"end":{"line":31,"column":3}},{"start":{},"end":{}}],"line":29},"1":{"loc":{"start":{"line":46,"column":2},"end":{"line":48,"column":3}},"type":"if","locations":[{"start":{"line":46,"column":2},"end":{"line":48,"column":3}},{"start":{},"end":{}}],"line":46},"2":{"loc":{"start":{"line":50,"column":2},"end":{"line":52,"column":3}},"type":"if","locations":[{"start":{"line":50,"column":2},"end":{"line":52,"column":3}},{"start":{},"end":{}}],"line":50},"3":{"loc":{"start":{"line":57,"column":35},"end":{"line":57,"column":94}},"type":"cond-expr","locations":[{"start":{"line":57,"column":63},"end":{"line":57,"column":89}},{"start":{"line":57,"column":92},"end":{"line":57,"column":94}}],"line":57},"4":{"loc":{"start":{"line":64,"column":2},"end":{"line":66,"column":3}},"type":"if","locations":[{"start":{"line":64,"column":2},"end":{"line":66,"column":3}},{"start":{},"end":{}}],"line":64},"5":{"loc":{"start":{"line":64,"column":6},"end":{"line":64,"column":51}},"type":"binary-expr","locations":[{"start":{"line":64,"column":6},"end":{"line":64,"column":13}},{"start":{"line":64,"column":17},"end":{"line":64,"column":51}}],"line":64},"6":{"loc":{"start":{"line":69,"column":2},"end":{"line":71,"column":3}},"type":"if","locations":[{"start":{"line":69,"column":2},"end":{"line":71,"column":3}},{"start":{},"end":{}}],"line":69}},"s":{"0":1,"1":1,"2":1,"3":1,"4":1,"5":1,"6":1,"7":0,"8":0,"9":0,"10":1,"11":0,"12":0,"13":0,"14":0,"15":0,"16":0,"17":1,"18":0,"19":0,"20":0,"21":0,"22":1,"23":0,"24":0,"25":0,"26":0,"27":0,"28":0,"29":1,"30":0,"31":1,"32":0,"33":0,"34":0,"35":0,"36":0,"37":0,"38":0,"39":0,"40":0,"41":0,"42":1,"43":0,"44":0,"45":1,"46":0,"47":0,"48":1,"49":0,"50":1},"f":{"0":0,"1":0,"2":0,"3":0,"4":0,"5":0,"6":0,"7":0,"8":0},"b":{"0":[0,0],"1":[0,0],"2":[0,0],"3":[0,0],"4":[0,0],"5":[0,0],"6":[0,0]},"_coverageSchema":"1a1c01bbd47fc00a2c39e90264f33305004495a9","hash":"58a60d7ab929c4c332b115ada91f4188dfb03790"}
,"C:\\Users\\ArthurHolanda\\sweetlyapi\\src\\routes\\index.js": {"path":"C:\\Users\\ArthurHolanda\\sweetlyapi\\src\\routes\\index.js","statementMap":{"0":{"start":{"line":2,"column":16},"end":{"line":2,"column":34}},"1":{"start":{"line":3,"column":15},"end":{"line":3,"column":31}},"2":{"start":{"line":6,"column":0},"end":{"line":8,"column":3}},"3":{"start":{"line":7,"column":2},"end":{"line":7,"column":46}},"4":{"start":{"line":10,"column":0},"end":{"line":10,"column":24}}},"fnMap":{"0":{"name":"(anonymous_0)","decl":{"start":{"line":6,"column":16},"end":{"line":6,"column":17}},"loc":{"start":{"line":6,"column":30},"end":{"line":8,"column":1}},"line":6}},"branchMap":{},"s":{"0":1,"1":1,"2":1,"3":0,"4":1},"f":{"0":0},"b":{},"_coverageSchema":"1a1c01bbd47fc00a2c39e90264f33305004495a9","hash":"aa1f20c29473997ea649a6f90270f6d27b2969c6"}
,"C:\\Users\\ArthurHolanda\\sweetlyapi\\src\\routes\\orderRoutes.js": {"path":"C:\\Users\\ArthurHolanda\\sweetlyapi\\src\\routes\\orderRoutes.js","statementMap":{"0":{"start":{"line":2,"column":16},"end":{"line":2,"column":34}},"1":{"start":{"line":3,"column":15},"end":{"line":3,"column":31}},"2":{"start":{"line":8,"column":4},"end":{"line":8,"column":45}},"3":{"start":{"line":10,"column":0},"end":{"line":10,"column":36}},"4":{"start":{"line":11,"column":0},"end":{"line":11,"column":27}},"5":{"start":{"line":12,"column":0},"end":{"line":12,"column":45}},"6":{"start":{"line":14,"column":0},"end":{"line":14,"column":24}}},"fnMap":{},"branchMap":{},"s":{"0":1,"1":1,"2":1,"3":1,"4":1,"5":1,"6":1},"f":{},"b":{},"_coverageSchema":"1a1c01bbd47fc00a2c39e90264f33305004495a9","hash":"3d55389ad8c9ac37ec64fcbb70eabf646889b937"}
,"C:\\Users\\ArthurHolanda\\sweetlyapi\\src\\routes\\userRoutes.js": {"path":"C:\\Users\\ArthurHolanda\\sweetlyapi\\src\\routes\\userRoutes.js","statementMap":{"0":{"start":{"line":2,"column":16},"end":{"line":2,"column":34}},"1":{"start":{"line":3,"column":15},"end":{"line":3,"column":31}},"2":{"start":{"line":4,"column":36},"end":{"line":4,"column":76}},"3":{"start":{"line":7,"column":0},"end":{"line":7,"column":39}},"4":{"start":{"line":10,"column":0},"end":{"line":10,"column":33}},"5":{"start":{"line":12,"column":0},"end":{"line":12,"column":24}}},"fnMap":{},"branchMap":{},"s":{"0":1,"1":1,"2":1,"3":1,"4":1,"5":1},"f":{},"b":{},"_coverageSchema":"1a1c01bbd47fc00a2c39e90264f33305004495a9","hash":"adf049d175e1c4fa5c42b13741638a84c6f81e4b"}
}
